ISim log file
Running: C:\Xilinx_projects\susutawari_book\chat_filter_isim_beh.exe -intstyle ise -gui -tclbatch isim.cmd -wdb C:/Xilinx_projects/susutawari_book/chat_filter_isim_beh.wdb 
ISim P.20131013 (signature 0x7708f090)
WARNING: A WEBPACK license was found.
WARNING: Please use Xilinx License Configuration Manager to check out a full ISim license.
WARNING: ISim will run in Lite mode. Please refer to the ISim documentation for more information on the differences between the Lite and the Full version.
This is a Lite version of ISim.
Time resolution is 1 ps
# onerror resume
# wave add /
# run 1000 ns
Simulator is doing circuit initialization process.
Finished circuit initialization process.
# restart
# isim force add /chat_filter/CE 1 -radix bin
# isim force add /chat_filter/CLK 0 -radix bin -value 1 -radix bin -time 15625 ps -repeat 31250 ps
# isim force add /chat_filter/DIN 1 -radix bin -time 100 ns -cancel 200 ns
# run 1us
Simulator is doing circuit initialization process.
Finished circuit initialization process.
